<?xml version="1.0" encoding="UTF-8"?>
<!-- Generated by org.testng.reporters.JUnitReportReporter -->
<testsuite hostname="DESKTOP-PGJIAOP" failures="0" tests="1" name="automation.test.TestCase1" time="13.738" errors="0" timestamp="2024-01-29T11:46:52 IST" skipped="0">
  <testcase classname="automation.test.TestCase1" name="enteringCredentials" time="13.738"/>
  <system-out/>
</testsuite> <!-- automation.test.TestCase1 -->
